Performing C SOURCE FILE Test FEATURE_ssse3_NOFLAG failed with the following output:
Change Dir: /home/ubuntu/xmrig/build/CMakeFiles/CMakeTmp

Run Build Command(s):/usr/bin/gmake -f Makefile cmTC_ee14a/fast && /usr/bin/gmake  -f CMakeFiles/cmTC_ee14a.dir/build.make CMakeFiles/cmTC_ee14a.dir/build
gmake[1]: Entering directory '/home/ubuntu/xmrig/build/CMakeFiles/CMakeTmp'
Building C object CMakeFiles/cmTC_ee14a.dir/src.c.o
/usr/bin/cc -DFEATURE_ssse3_NOFLAG  -Wall -Wno-strict-aliasing -maes  -o CMakeFiles/cmTC_ee14a.dir/src.c.o -c /home/ubuntu/xmrig/build/CMakeFiles/CMakeTmp/src.c
In file included from /usr/lib/gcc/x86_64-linux-gnu/11/include/immintrin.h:37,
                 from /usr/lib/gcc/x86_64-linux-gnu/11/include/x86intrin.h:32,
                 from /home/ubuntu/xmrig/build/CMakeFiles/CMakeTmp/src.c:1:
/home/ubuntu/xmrig/build/CMakeFiles/CMakeTmp/src.c: In function ‘function_ssse3’:
/usr/lib/gcc/x86_64-linux-gnu/11/include/tmmintrin.h:136:1: error: inlining failed in call to ‘always_inline’ ‘_mm_shuffle_epi8’: target specific option mismatch
  136 | _mm_shuffle_epi8 (__m128i __X, __m128i __Y)
      | ^~~~~~~~~~~~~~~~
/home/ubuntu/xmrig/build/CMakeFiles/CMakeTmp/src.c:5:12: note: called from here
    5 |     *dst = _mm_shuffle_epi8(*a, *b);
      |            ^~~~~~~~~~~~~~~~~~~~~~~~
gmake[1]: *** [CMakeFiles/cmTC_ee14a.dir/build.make:78: CMakeFiles/cmTC_ee14a.dir/src.c.o] Error 1
gmake[1]: Leaving directory '/home/ubuntu/xmrig/build/CMakeFiles/CMakeTmp'
gmake: *** [Makefile:127: cmTC_ee14a/fast] Error 2


Source file was:
#include <x86intrin.h>

void function_ssse3(__m128i *dst, const __m128i *a, const __m128i *b)
{
    *dst = _mm_shuffle_epi8(*a, *b);
}

int main(void) { return 0; }

Performing C SOURCE FILE Test FEATURE_xop_NOFLAG failed with the following output:
Change Dir: /home/ubuntu/xmrig/build/CMakeFiles/CMakeTmp

Run Build Command(s):/usr/bin/gmake -f Makefile cmTC_879ea/fast && /usr/bin/gmake  -f CMakeFiles/cmTC_879ea.dir/build.make CMakeFiles/cmTC_879ea.dir/build
gmake[1]: Entering directory '/home/ubuntu/xmrig/build/CMakeFiles/CMakeTmp'
Building C object CMakeFiles/cmTC_879ea.dir/src.c.o
/usr/bin/cc -DFEATURE_xop_NOFLAG  -Wall -Wno-strict-aliasing -maes  -o CMakeFiles/cmTC_879ea.dir/src.c.o -c /home/ubuntu/xmrig/build/CMakeFiles/CMakeTmp/src.c
In file included from /usr/lib/gcc/x86_64-linux-gnu/11/include/x86intrin.h:38,
                 from /home/ubuntu/xmrig/build/CMakeFiles/CMakeTmp/src.c:1:
/home/ubuntu/xmrig/build/CMakeFiles/CMakeTmp/src.c: In function ‘function_xop’:
/home/ubuntu/xmrig/build/CMakeFiles/CMakeTmp/src.c:5:12: error: ‘__builtin_ia32_vprotqi’ needs isa option -mxop
    5 |     *dst = _mm_roti_epi64(*a, b);
      |            ^~~~~~~~~~~~~~
gmake[1]: *** [CMakeFiles/cmTC_879ea.dir/build.make:78: CMakeFiles/cmTC_879ea.dir/src.c.o] Error 1
gmake[1]: Leaving directory '/home/ubuntu/xmrig/build/CMakeFiles/CMakeTmp'
gmake: *** [Makefile:127: cmTC_879ea/fast] Error 2


Source file was:
#include <x86intrin.h>

void function_xop(__m128i *dst, const __m128i *a, int b)
{
    *dst = _mm_roti_epi64(*a, b);
}

int main(void) { return 0; }

Performing C SOURCE FILE Test FEATURE_avx2_NOFLAG failed with the following output:
Change Dir: /home/ubuntu/xmrig/build/CMakeFiles/CMakeTmp

Run Build Command(s):/usr/bin/gmake -f Makefile cmTC_6724c/fast && /usr/bin/gmake  -f CMakeFiles/cmTC_6724c.dir/build.make CMakeFiles/cmTC_6724c.dir/build
gmake[1]: Entering directory '/home/ubuntu/xmrig/build/CMakeFiles/CMakeTmp'
Building C object CMakeFiles/cmTC_6724c.dir/src.c.o
/usr/bin/cc -DFEATURE_avx2_NOFLAG  -Wall -Wno-strict-aliasing -maes  -o CMakeFiles/cmTC_6724c.dir/src.c.o -c /home/ubuntu/xmrig/build/CMakeFiles/CMakeTmp/src.c
/home/ubuntu/xmrig/build/CMakeFiles/CMakeTmp/src.c: In function ‘function_avx2’:
/home/ubuntu/xmrig/build/CMakeFiles/CMakeTmp/src.c:5:10: warning: AVX vector return without AVX enabled changes the ABI [-Wpsabi]
    5 |     *dst = _mm256_xor_si256(*a, *b);
      |     ~~~~~^~~~~~~~~~~~~~~~~~~~~~~~~~
In file included from /usr/lib/gcc/x86_64-linux-gnu/11/include/immintrin.h:47,
                 from /usr/lib/gcc/x86_64-linux-gnu/11/include/x86intrin.h:32,
                 from /home/ubuntu/xmrig/build/CMakeFiles/CMakeTmp/src.c:1:
/usr/lib/gcc/x86_64-linux-gnu/11/include/avx2intrin.h:913:1: error: inlining failed in call to ‘always_inline’ ‘_mm256_xor_si256’: target specific option mismatch
  913 | _mm256_xor_si256 (__m256i __A, __m256i __B)
      | ^~~~~~~~~~~~~~~~
/home/ubuntu/xmrig/build/CMakeFiles/CMakeTmp/src.c:5:12: note: called from here
    5 |     *dst = _mm256_xor_si256(*a, *b);
      |            ^~~~~~~~~~~~~~~~~~~~~~~~
gmake[1]: *** [CMakeFiles/cmTC_6724c.dir/build.make:78: CMakeFiles/cmTC_6724c.dir/src.c.o] Error 1
gmake[1]: Leaving directory '/home/ubuntu/xmrig/build/CMakeFiles/CMakeTmp'
gmake: *** [Makefile:127: cmTC_6724c/fast] Error 2


Source file was:
#include <x86intrin.h>

void function_avx2(__m256i *dst, const __m256i *a, const __m256i *b)
{
    *dst = _mm256_xor_si256(*a, *b);
}

int main(void) { return 0; }

Performing C SOURCE FILE Test FEATURE_avx512f_NOFLAG failed with the following output:
Change Dir: /home/ubuntu/xmrig/build/CMakeFiles/CMakeTmp

Run Build Command(s):/usr/bin/gmake -f Makefile cmTC_5a59d/fast && /usr/bin/gmake  -f CMakeFiles/cmTC_5a59d.dir/build.make CMakeFiles/cmTC_5a59d.dir/build
gmake[1]: Entering directory '/home/ubuntu/xmrig/build/CMakeFiles/CMakeTmp'
Building C object CMakeFiles/cmTC_5a59d.dir/src.c.o
/usr/bin/cc -DFEATURE_avx512f_NOFLAG  -Wall -Wno-strict-aliasing -maes  -o CMakeFiles/cmTC_5a59d.dir/src.c.o -c /home/ubuntu/xmrig/build/CMakeFiles/CMakeTmp/src.c
In file included from /usr/lib/gcc/x86_64-linux-gnu/11/include/immintrin.h:49,
                 from /usr/lib/gcc/x86_64-linux-gnu/11/include/x86intrin.h:32,
                 from /home/ubuntu/xmrig/build/CMakeFiles/CMakeTmp/src.c:1:
/home/ubuntu/xmrig/build/CMakeFiles/CMakeTmp/src.c: In function ‘function_avx512f’:
/usr/lib/gcc/x86_64-linux-gnu/11/include/avx512fintrin.h:204:1: error: inlining failed in call to ‘always_inline’ ‘_mm512_undefined_epi32’: target specific option mismatch
  204 | _mm512_undefined_epi32 (void)
      | ^~~~~~~~~~~~~~~~~~~~~~
/home/ubuntu/xmrig/build/CMakeFiles/CMakeTmp/src.c:5:12: note: called from here
    5 |     *dst = _mm512_ror_epi64(*a, 57);
      |            ^~~~~~~~~~~~~~~~
gmake[1]: *** [CMakeFiles/cmTC_5a59d.dir/build.make:78: CMakeFiles/cmTC_5a59d.dir/src.c.o] Error 1
gmake[1]: Leaving directory '/home/ubuntu/xmrig/build/CMakeFiles/CMakeTmp'
gmake: *** [Makefile:127: cmTC_5a59d/fast] Error 2


Source file was:
#include <x86intrin.h>

void function_avx512f(__m512i *dst, const __m512i *a)
{
    *dst = _mm512_ror_epi64(*a, 57);
}

int main(void) { return 0; }

